{
  "RSpec": {
    "coverage": {
      "/home/rajesh/studentApp/app/models/user.rb": {
        "lines": [
          1,
          null,
          null,
          1,
          null,
          null,
          null,
          null,
          1,
          null,
          null,
          null,
          null,
          1,
          null,
          9,
          null
        ]
      },
      "/home/rajesh/studentApp/app/models/application_record.rb": {
        "lines": [
          1,
          1,
          null
        ]
      },
      "/home/rajesh/studentApp/app/helpers/api/v1/base_helper.rb": {
        "lines": [
          1,
          null
        ]
      },
      "/home/rajesh/studentApp/app/helpers/api/v1/sessions_helper.rb": {
        "lines": [
          1,
          null
        ]
      },
      "/home/rajesh/studentApp/app/helpers/api/v1/students_helper.rb": {
        "lines": [
          1,
          null
        ]
      },
      "/home/rajesh/studentApp/app/helpers/api/v1/users_helper.rb": {
        "lines": [
          1,
          null
        ]
      },
      "/home/rajesh/studentApp/app/helpers/application_helper.rb": {
        "lines": [
          1,
          null
        ]
      },
      "/home/rajesh/studentApp/app/helpers/dashboard_helper.rb": {
        "lines": [
          1,
          null
        ]
      },
      "/home/rajesh/studentApp/app/helpers/students_helper.rb": {
        "lines": [
          1,
          null
        ]
      },
      "/home/rajesh/studentApp/app/helpers/teachers_helper.rb": {
        "lines": [
          1,
          null
        ]
      },
      "/home/rajesh/studentApp/app/helpers/user_helper.rb": {
        "lines": [
          1,
          null
        ]
      },
      "/home/rajesh/studentApp/app/jobs/generate_report_card_job.rb": {
        "lines": [
          1,
          1,
          null,
          1,
          4,
          3,
          3,
          null,
          null
        ]
      },
      "/home/rajesh/studentApp/app/jobs/application_job.rb": {
        "lines": [
          1,
          null,
          null,
          null,
          null,
          null,
          null
        ]
      },
      "/home/rajesh/studentApp/app/mailers/notification_mailer.rb": {
        "lines": [
          1,
          1,
          3,
          3,
          null,
          null,
          null,
          null,
          null,
          1,
          3,
          3,
          3,
          null,
          null,
          null,
          null,
          null,
          1,
          3,
          3,
          3,
          null,
          null,
          null,
          null,
          null,
          1,
          3,
          3,
          3,
          3,
          null,
          null,
          null,
          null,
          null,
          1,
          4,
          4,
          null,
          null,
          null,
          null,
          null,
          1,
          3,
          3,
          3,
          3,
          null,
          null,
          null,
          null,
          null
        ]
      },
      "/home/rajesh/studentApp/app/mailers/application_mailer.rb": {
        "lines": [
          1,
          1,
          1,
          null
        ]
      },
      "/home/rajesh/studentApp/app/models/student.rb": {
        "lines": [
          1,
          1,
          1,
          1,
          1,
          1,
          1,
          1,
          1,
          1,
          1,
          1,
          1,
          1,
          null,
          1,
          13,
          5,
          5,
          null,
          null,
          null,
          null,
          1,
          8,
          null,
          null,
          1,
          8,
          null,
          null,
          1,
          7,
          null,
          null,
          1,
          5,
          null,
          null,
          null,
          null,
          null,
          1,
          15,
          null,
          null,
          1,
          1,
          150,
          3,
          2,
          null,
          3,
          0,
          null,
          null,
          null,
          1,
          150,
          3,
          2,
          null,
          3,
          0,
          null,
          null,
          null,
          null
        ]
      },
      "/home/rajesh/studentApp/app/controllers/api/v1/sessions_controller.rb": {
        "lines": [
          1,
          1,
          1,
          1,
          1,
          null,
          1,
          null,
          1,
          36,
          null,
          36,
          null,
          null,
          null,
          null,
          null,
          null,
          null,
          null,
          null,
          1,
          1,
          null,
          null,
          null,
          null
        ]
      },
      "/home/rajesh/studentApp/app/controllers/application_controller.rb": {
        "lines": [
          1,
          1,
          1,
          null
        ]
      },
      "/home/rajesh/studentApp/app/controllers/api/v1/users_controller.rb": {
        "lines": [
          1,
          1,
          1,
          1,
          2,
          2,
          2,
          null,
          null,
          1,
          1,
          null,
          null,
          1,
          2,
          2,
          1,
          null,
          1,
          null,
          null,
          null,
          1,
          2,
          1,
          null,
          null,
          null,
          null,
          1,
          null,
          null,
          null,
          1,
          1,
          null,
          1,
          null,
          null,
          1,
          2,
          2,
          2,
          null,
          null,
          1,
          null,
          1,
          5,
          null,
          null,
          1,
          4,
          null,
          null,
          null,
          null,
          null,
          null,
          null,
          1,
          13,
          2,
          null,
          null
        ]
      },
      "/home/rajesh/studentApp/app/controllers/api/v1/base_controller.rb": {
        "lines": [
          1,
          1,
          1,
          1,
          1,
          1,
          1,
          1,
          null,
          1,
          null,
          1,
          5,
          null,
          null,
          null,
          null,
          null,
          null,
          1,
          0,
          null,
          null,
          null,
          null,
          null,
          1,
          5,
          null,
          null,
          null,
          null,
          null,
          null
        ]
      },
      "/home/rajesh/studentApp/app/pdfs/report_card_pdf.rb": {
        "lines": [
          1,
          1,
          6,
          null,
          null,
          1,
          6,
          6,
          null,
          6,
          null,
          6,
          null,
          6,
          null,
          6,
          6,
          6,
          null,
          6,
          null,
          6,
          6,
          null,
          6,
          null,
          6,
          null,
          6,
          null,
          6,
          null,
          null,
          null
        ]
      },
      "/home/rajesh/studentApp/app/controllers/users_controller.rb": {
        "lines": [
          1,
          1,
          null,
          1,
          2,
          2,
          null,
          null,
          1,
          1,
          3,
          null,
          null
        ]
      },
      "/home/rajesh/studentApp/app/controllers/api/v1/students_controller.rb": {
        "lines": [
          1,
          1,
          null,
          1,
          3,
          3,
          null,
          null,
          1,
          2,
          null,
          null,
          1,
          null,
          5,
          4,
          0,
          null,
          4,
          null,
          null,
          1,
          null,
          5,
          3,
          3,
          null,
          2,
          null,
          null,
          null,
          1,
          4,
          4,
          3,
          3,
          0,
          0,
          null,
          3,
          0,
          null,
          3,
          1,
          null,
          null,
          1,
          null,
          null,
          null,
          1,
          2,
          2,
          null,
          null,
          1,
          0,
          0,
          null,
          null,
          0,
          null,
          null,
          null,
          null,
          null,
          null,
          null,
          1,
          1,
          null,
          12,
          6,
          null,
          6,
          null,
          null,
          null,
          1,
          9,
          9,
          9,
          null,
          null,
          1,
          3,
          2,
          2,
          null,
          1,
          null,
          null,
          null
        ]
      },
      "/home/rajesh/studentApp/app/controllers/dashboard_controller.rb": {
        "lines": [
          1,
          1,
          2,
          1,
          1,
          null,
          null,
          1,
          null,
          null,
          null,
          null,
          1,
          null,
          1,
          1,
          null,
          null,
          null
        ]
      },
      "/home/rajesh/studentApp/app/controllers/students_controller.rb": {
        "lines": [
          1,
          1,
          1,
          3,
          2,
          null,
          1,
          null,
          3,
          null,
          3,
          1,
          null,
          null,
          null,
          1,
          1,
          null,
          null,
          1,
          2,
          2,
          2,
          1,
          null,
          1,
          null,
          null,
          null,
          null,
          null,
          1,
          2,
          2,
          2,
          null,
          2,
          1,
          1,
          1,
          1,
          0,
          null,
          null,
          null,
          null,
          null,
          1,
          1,
          null,
          null,
          null,
          1,
          1,
          0,
          null,
          1,
          1,
          null,
          null,
          null,
          null,
          null,
          1,
          null,
          null,
          1,
          2,
          2,
          1,
          0,
          0,
          null,
          1,
          0,
          null,
          1,
          0,
          null,
          1,
          2,
          1,
          0,
          0,
          null,
          null,
          null,
          null,
          null,
          null,
          1,
          2,
          1,
          0,
          null,
          null,
          null,
          null,
          null,
          1,
          1,
          1,
          1,
          1,
          1,
          null,
          1,
          null,
          null,
          null,
          1,
          1,
          1,
          null,
          null,
          1,
          1,
          1,
          1,
          null,
          null,
          1,
          1,
          1,
          1,
          1,
          null,
          1,
          1,
          null,
          9,
          0,
          null,
          9,
          null,
          null,
          null,
          1,
          1,
          4,
          4,
          4,
          null,
          null
        ]
      }
    },
    "timestamp": 1784267692
  }
}
